<?xml version="1.0" encoding="UTF-8"?>
<testsuites name="Mocha Tests" time="75.4110" tests="10" failures="0">
  <testsuite name="Root Suite" timestamp="2022-06-09T08:01:07" tests="0" time="0.0000" failures="0">
  </testsuite>
  <testsuite name="Worldometer Tests" timestamp="2022-06-09T08:01:09" tests="10" file="/Users/nikkyamresh/Downloads/selenium-javascript/Selenium/Selenium/test.js" time="73.0880" failures="0">
    <testcase name="Worldometer Tests should open the Worldometer website" time="17.8550" classname="should open the Worldometer website">
    </testcase>
    <testcase name="Worldometer Tests should return the world current population and deaths today" time="0.1150" classname="should return the world current population and deaths today">
    </testcase>
    <testcase name="Worldometer Tests should click on the link &apos;Coronavirus updates&apos; and return driver" time="10.2160" classname="should click on the link &apos;Coronavirus updates&apos; and return driver">
    </testcase>
    <testcase name="Worldometer Tests should return total cases statistics" time="0.4270" classname="should return total cases statistics">
    </testcase>
    <testcase name="Worldometer Tests should search the countries as in and return the text on the table" time="1.4350" classname="should search the countries as in and return the text on the table">
    </testcase>
    <testcase name="Worldometer Tests should search the countries as india and return the text on the table" time="0.7060" classname="should search the countries as india and return the text on the table">
    </testcase>
    <testcase name="Worldometer Tests should open the first country as after search &apos;aus&apos; " time="5.0740" classname="should open the first country as after search &apos;aus&apos; ">
    </testcase>
    <testcase name="Worldometer Tests should open the first country as after search &apos;den&apos; " time="10.7010" classname="should open the first country as after search &apos;den&apos; ">
    </testcase>
    <testcase name="Worldometer Tests should open the first country as after search &apos;indi&apos; " time="10.9680" classname="should open the first country as after search &apos;indi&apos; ">
    </testcase>
    <testcase name="Worldometer Tests should open the first country as after search &apos;china&apos; " time="9.5290" classname="should open the first country as after search &apos;china&apos; ">
    </testcase>
  </testsuite>
</testsuites>